<?xml version="1.0" encoding="UTF-8"?>
<!-- Generated by org.testng.reporters.JUnitReportReporter -->
<testsuite hostname="WKWEJ446690765" failures="0" tests="4" name="selenium.Handle_Table" time="0.014" errors="0" timestamp="2025-06-22T18:13:07 IST" skipped="0">
  <testcase classname="selenium.Handle_Table" name="count_Char_count" time="0.011"/>
  <system-out/>
  <testcase classname="selenium.Handle_Table" name="test_Vovel_count" time="0.001"/>
  <system-out/>
  <testcase classname="selenium.Handle_Table" name="test" time="0.001"/>
  <system-out/>
  <testcase classname="selenium.Handle_Table" name="remove_Duplicate_Word" time="0.001"/>
  <system-out/>
</testsuite> <!-- selenium.Handle_Table -->
