<?xml version="1.0" encoding="UTF-8"?>
<!-- Generated by org.testng.reporters.JUnitReportReporter -->
<testsuite hostname="WKWEJ446690765" failures="0" tests="1" name="day3.Interview_StringClass" time="0.015" errors="0" timestamp="2025-08-03T21:52:36 IST" skipped="0">
  <testcase classname="day3.Interview_StringClass" name="test" time="0.015"/>
  <system-out/>
</testsuite> <!-- day3.Interview_StringClass -->
