<?xml version="1.0" encoding="UTF-8"?>
<!-- Generated by org.testng.reporters.JUnitReportReporter -->
<testsuite hostname="WKWEJ446690765" failures="0" tests="1" name="day_4_interview.String_Class" time="0.011" errors="0" timestamp="2025-08-13T16:17:59 IST" skipped="0">
  <testcase classname="day_4_interview.String_Class" name="test" time="0.011"/>
  <system-out/>
</testsuite> <!-- day_4_interview.String_Class -->
