<?xml version="1.0" encoding="UTF-8"?>
<!-- Generated by org.testng.reporters.JUnitReportReporter -->
<testsuite hostname="WKWEJ446690765" failures="0" tests="1" name="selenium.Open_Browser" time="12.227" errors="0" timestamp="2025-06-21T23:22:53 IST" skipped="0">
  <testcase classname="selenium.Open_Browser" name="openBrowser_Test" time="12.227"/>
  <system-out/>
</testsuite> <!-- selenium.Open_Browser -->
