<?xml version="1.0" encoding="UTF-8"?>
<!-- Generated by org.testng.reporters.JUnitReportReporter -->
<testsuite hostname="WKWEJ446690765" failures="0" tests="6" name="javaPro.Sister_Interview" time="0.021" errors="0" timestamp="2025-06-21T23:04:47 IST" skipped="0">
  <testcase classname="javaPro.Sister_Interview" name="dataTypeChange" time="0.013"/>
  <system-out/>
  <testcase classname="javaPro.Sister_Interview" name="countChar" time="0.002"/>
  <system-out/>
  <testcase classname="javaPro.Sister_Interview" name="mapMethod" time="0.001"/>
  <system-out/>
  <testcase classname="javaPro.Sister_Interview" name="count_Char_Occurance" time="0.002"/>
  <system-out/>
  <testcase classname="javaPro.Sister_Interview" name="count_total_Words_in_string" time="0.002"/>
  <system-out/>
  <testcase classname="javaPro.Sister_Interview" name="count_total_Words_in_string_forLoop" time="0.001"/>
  <system-out/>
</testsuite> <!-- javaPro.Sister_Interview -->
