<?xml version="1.0" encoding="UTF-8"?>
<!-- Generated by org.testng.reporters.JUnitReportReporter -->
<testsuite hostname="WKWEJ446690765" failures="0" tests="1" name="pack.TestClass" time="0.007" errors="0" timestamp="2025-01-13T19:05:47 IST" skipped="0">
  <testcase classname="pack.TestClass" name="testm" time="0.007"/>
  <system-out/>
</testsuite> <!-- pack.TestClass -->
