<?xml version="1.0" encoding="UTF-8"?>
<!-- Generated by org.testng.reporters.JUnitReportReporter -->
<testsuite hostname="WKWEJ446690765" failures="0" tests="1" name="intro.LongestWord_inString" time="0.013" errors="0" timestamp="2025-04-14T15:09:06 IST" skipped="0">
  <testcase classname="intro.LongestWord_inString" name="test" time="0.013"/>
  <system-out/>
</testsuite> <!-- intro.LongestWord_inString -->
