<?xml version="1.0" encoding="UTF-8"?>
<!-- Generated by org.testng.reporters.JUnitReportReporter -->
<testsuite hostname="WKWEJ446690765" failures="0" tests="4" name="selenium.PriorityTestNG" time="0.016" errors="0" timestamp="2025-06-21T21:08:00 IST" skipped="0">
  <testcase classname="selenium.PriorityTestNG" name="test" time="0.011"/>
  <system-out/>
  <testcase classname="selenium.PriorityTestNG" name="b" time="0.002"/>
  <system-out/>
  <testcase classname="selenium.PriorityTestNG" name="a" time="0.001"/>
  <system-out/>
  <testcase classname="selenium.PriorityTestNG" name="atest" time="0.002"/>
  <system-out/>
</testsuite> <!-- selenium.PriorityTestNG -->
