<?xml version="1.0" encoding="UTF-8"?>
<!-- Generated by org.testng.reporters.JUnitReportReporter -->
<testsuite hostname="WKWEJ446690765" failures="0" tests="1" name="selenium.ReadingPropertyFile" time="0.012" errors="0" timestamp="2025-05-15T12:00:15 IST" skipped="0">
  <testcase classname="selenium.ReadingPropertyFile" name="readPropertiesFile" time="0.012"/>
  <system-out/>
</testsuite> <!-- selenium.ReadingPropertyFile -->
