<?xml version="1.0" encoding="UTF-8"?>
<!-- Generated by org.testng.reporters.JUnitReportReporter -->
<testsuite hostname="WKWEJ446690765" failures="0" tests="1" name="runner.RunnerTest" time="0.098" errors="0" timestamp="2025-01-13T19:11:48 IST" skipped="0">
  <testcase classname="runner.RunnerTest" name="runScenario" time="0.098"/>
  <system-out/>
</testsuite> <!-- runner.RunnerTest -->
