<?xml version="1.0" encoding="UTF-8"?>
<!-- Generated by org.testng.reporters.JUnitReportReporter -->
<testsuite hostname="WKWEJ446690765" failures="0" tests="13" name="selenium.StringInterview" time="0.032" errors="0" timestamp="2025-07-23T15:24:53 IST" skipped="0">
  <testcase classname="selenium.StringInterview" name="newtest" time="0.013"/>
  <system-out/>
  <testcase classname="selenium.StringInterview" name="testString" time="0.002"/>
  <system-out/>
  <testcase classname="selenium.StringInterview" name="test1" time="0.002"/>
  <system-out/>
  <testcase classname="selenium.StringInterview" name="test2" time="0.001"/>
  <system-out/>
  <testcase classname="selenium.StringInterview" name="test3" time="0.002"/>
  <system-out/>
  <testcase classname="selenium.StringInterview" name="test4" time="0.002"/>
  <system-out/>
  <testcase classname="selenium.StringInterview" name="test5" time="0.002"/>
  <system-out/>
  <testcase classname="selenium.StringInterview" name="test6" time="0.001"/>
  <system-out/>
  <testcase classname="selenium.StringInterview" name="test7" time="0.001"/>
  <system-out/>
  <testcase classname="selenium.StringInterview" name="test8" time="0.003"/>
  <system-out/>
  <testcase classname="selenium.StringInterview" name="test9" time="0.001"/>
  <system-out/>
  <testcase classname="selenium.StringInterview" name="test10" time="0.001"/>
  <system-out/>
  <testcase classname="selenium.StringInterview" name="test11" time="0.001"/>
  <system-out/>
</testsuite> <!-- selenium.StringInterview -->
