<?xml version="1.0" encoding="UTF-8"?>
<!-- Generated by org.testng.reporters.JUnitReportReporter -->
<testsuite hostname="WKWEJ446690765" failures="0" tests="1" name="intro.Total_Word_count" time="0.011" errors="0" timestamp="2025-06-23T14:29:31 IST" skipped="0">
  <testcase classname="intro.Total_Word_count" name="testCOunt_Words" time="0.011"/>
  <system-out/>
</testsuite> <!-- intro.Total_Word_count -->
