<?xml version="1.0" encoding="UTF-8"?>
<!-- Generated by org.testng.reporters.JUnitReportReporter -->
<testsuite hostname="WKWEJ446690765" failures="0" tests="1" name="pack.If_Else_method" time="0.013" errors="0" timestamp="2025-01-16T13:15:35 IST" skipped="0">
  <testcase classname="pack.If_Else_method" name="userValidateText" time="0.013"/>
  <system-out/>
</testsuite> <!-- pack.If_Else_method -->
