<?xml version="1.0" encoding="UTF-8"?>
<!-- Generated by org.testng.reporters.JUnitReportReporter -->
<testsuite hostname="WKWEJ446690765" failures="0" tests="1" name="javaPro.TestClass" time="0.013" errors="0" timestamp="2025-04-06T22:47:10 IST" skipped="0">
  <testcase classname="javaPro.TestClass" name="testMethod" time="0.013"/>
  <system-out/>
</testsuite> <!-- javaPro.TestClass -->
